<?xml version="1.0" encoding="UTF-8"?>
<!-- Generated by org.testng.reporters.JUnitReportReporter -->
<testsuite hostname="LAPTOP-1LL282FT" failures="0" tests="5" name="TestScripts.FunctionScript" time="27.604" errors="0" timestamp="2023-03-15T19:02:53 IST" skipped="0">
  <testcase classname="TestScripts.FunctionScript" name="purchase" time="2.828"/>
  <system-out/>
  <testcase classname="TestScripts.FunctionScript" name="additem" time="5.969"/>
  <system-out/>
  <testcase classname="TestScripts.FunctionScript" name="additem" time="6.048"/>
  <system-out/>
  <testcase classname="TestScripts.FunctionScript" name="delete" time="0.226"/>
  <system-out/>
  <testcase classname="TestScripts.FunctionScript" name="placeorder" time="12.533"/>
  <system-out/>
</testsuite> <!-- TestScripts.FunctionScript -->
