<?xml version="1.0" encoding="UTF-8"?>
<!-- Generated by org.testng.reporters.JUnitReportReporter -->
<testsuite hostname="LAPTOP-1LL282FT" failures="0" tests="5" name="TestScripts.FunctionScript" time="26.783" errors="0" timestamp="2023-03-16T08:49:53 IST" skipped="0">
  <testcase classname="TestScripts.FunctionScript" name="purchase" time="3.118"/>
  <system-out/>
  <testcase classname="TestScripts.FunctionScript" name="additem" time="5.385"/>
  <system-out/>
  <testcase classname="TestScripts.FunctionScript" name="additem" time="5.720"/>
  <system-out/>
  <testcase classname="TestScripts.FunctionScript" name="delete" time="0.330"/>
  <system-out/>
  <testcase classname="TestScripts.FunctionScript" name="placeorder" time="12.230"/>
  <system-out/>
</testsuite> <!-- TestScripts.FunctionScript -->
